<?xml version='1.0' encoding='UTF-8' ?>
<testsuite name="com.afkanerd.smswithoutborders_libsmsmms.data.DatabaseMigration5To6InstrumentedTest" tests="5" failures="0" errors="0" skipped="0" time="1.124" timestamp="2026-09-01T18:29:09" hostname="localhost">
  <properties>
    <property name="device" value="SM-S918B - 16" />
    <property name="flavor" value="" />
    <property name="project" value=":lib_smsmms_android" />
  </properties>
  <testcase name="migrationPreservesExistingThreadsAndAddsNormalizedGroupStorage" classname="com.afkanerd.smswithoutborders_libsmsmms.data.DatabaseMigration5To6InstrumentedTest" time="0.074" />
  <testcase name="generatedPasswordIsNonZeroStableAndClearedOnlyAfterClose" classname="com.afkanerd.smswithoutborders_libsmsmms.data.DatabasePasswordInstrumentedTest" time="0.152" />
  <testcase name="incomingGroupMmsKeepsThreadMembersSeparateFromEachMessageAuthor" classname="com.afkanerd.smswithoutborders_libsmsmms.data.GroupConversationDaoInstrumentedTest" time="0.033" />
  <testcase name="markAllReadUpdatesThreadAndConversationRowsUsedByComposeBadge" classname="com.afkanerd.smswithoutborders_libsmsmms.data.ThreadActionsDaoInstrumentedTest" time="0.005" />
  <testcase name="unreadMessageCountIsExactAndExcludesArchivedThreads" classname="com.afkanerd.smswithoutborders_libsmsmms.data.ThreadActionsDaoInstrumentedTest" time="0.031" />
</testsuite>