<?xml version='1.0' encoding='UTF-8' ?>
<testsuite name="com.afkanerd.smswithoutborders_libsmsmms.data.ThreadActionsDaoInstrumentedTest" tests="3" failures="0" errors="0" skipped="0" time="0.813" timestamp="2026-09-02T11:51:42" hostname="localhost">
  <properties>
    <property name="device" value="SM-S918B - 16" />
    <property name="flavor" value="" />
    <property name="project" value=":lib_smsmms_android" />
  </properties>
  <testcase name="markReadUpdatesOnlyTheRelatedConversationThreads" classname="com.afkanerd.smswithoutborders_libsmsmms.data.ThreadActionsDaoInstrumentedTest" time="0.029" />
  <testcase name="markAllReadUpdatesThreadAndConversationRowsUsedByComposeBadge" classname="com.afkanerd.smswithoutborders_libsmsmms.data.ThreadActionsDaoInstrumentedTest" time="0.001" />
  <testcase name="unreadMessageCountIsExactAndExcludesArchivedThreads" classname="com.afkanerd.smswithoutborders_libsmsmms.data.ThreadActionsDaoInstrumentedTest" time="0.025" />
</testsuite>