<?xml version="1.0" encoding="UTF-8"?>
<testsuite name="com.afkanerd.smswithoutborders_libsmsmms.transport.DataSmsFragmentCodecTest" tests="4" skipped="0" failures="0" errors="0" timestamp="2026-09-02T13:17:46.142Z" hostname="kali" time="0.005">
  <properties/>
  <testcase name="unframed payload remains compatible with existing data sms handlers" classname="com.afkanerd.smswithoutborders_libsmsmms.transport.DataSmsFragmentCodecTest" time="0.001"/>
  <testcase name="short payload uses one frame and round trips" classname="com.afkanerd.smswithoutborders_libsmsmms.transport.DataSmsFragmentCodecTest" time="0.001"/>
  <testcase name="large payload is safely split and reassembled out of order" classname="com.afkanerd.smswithoutborders_libsmsmms.transport.DataSmsFragmentCodecTest" time="0.002"/>
  <testcase name="corrupt framed payload is rejected rather than exposed as legacy data" classname="com.afkanerd.smswithoutborders_libsmsmms.transport.DataSmsFragmentCodecTest" time="0.0"/>
  <system-out><![CDATA[]]></system-out>
  <system-err><![CDATA[]]></system-err>
</testsuite>
