<?xml version="1.0" encoding="UTF-8"?>
<testsuite name="com.afkanerd.smswithoutborders_libsmsmms.extensions.context.IncomingDataSmsConversationTest" tests="1" skipped="0" failures="0" errors="0" timestamp="2026-09-02T13:17:45.961Z" hostname="kali" time="0.004">
  <properties/>
  <testcase name="reassembled payload is copied into the logical incoming message" classname="com.afkanerd.smswithoutborders_libsmsmms.extensions.context.IncomingDataSmsConversationTest" time="0.004"/>
  <system-out><![CDATA[]]></system-out>
  <system-err><![CDATA[]]></system-err>
</testsuite>
