<?xml version="1.0" encoding="UTF-8"?>
<testsuite name="com.afkanerd.smswithoutborders_libsmsmms.receivers.NotificationReplySubscriptionTest" tests="3" skipped="0" failures="0" errors="0" timestamp="2026-09-02T13:17:46.140Z" hostname="kali" time="0.001">
  <properties/>
  <testcase name="askEveryTimeWithoutIncomingSimDoesNotCrash" classname="com.afkanerd.smswithoutborders_libsmsmms.receivers.NotificationReplySubscriptionTest" time="0.001"/>
  <testcase name="replyFallsBackToDefaultOnlyWhenNotificationHasNoValidSim" classname="com.afkanerd.smswithoutborders_libsmsmms.receivers.NotificationReplySubscriptionTest" time="0.0"/>
  <testcase name="replyUsesSimFromIncomingMessageOnDualSimDevice" classname="com.afkanerd.smswithoutborders_libsmsmms.receivers.NotificationReplySubscriptionTest" time="0.0"/>
  <system-out><![CDATA[]]></system-out>
  <system-err><![CDATA[]]></system-err>
</testsuite>
