<?xml version="1.0" encoding="UTF-8"?>
<testsuite name="com.afkanerd.smswithoutborders_libsmsmms.extensions.context.SmsImportInvariantTest" tests="2" skipped="0" failures="0" errors="0" timestamp="2026-09-02T13:17:45.969Z" hostname="kali" time="0.059">
  <properties/>
  <testcase name="threadDiscoveryDeduplicatesRowsWithoutProviderSpecificGroupBy" classname="com.afkanerd.smswithoutborders_libsmsmms.extensions.context.SmsImportInvariantTest" time="0.035"/>
  <testcase name="importPreservesProviderThreadIdWithoutCreatingItAgain" classname="com.afkanerd.smswithoutborders_libsmsmms.extensions.context.SmsImportInvariantTest" time="0.024"/>
  <system-out><![CDATA[]]></system-out>
  <system-err><![CDATA[]]></system-err>
</testsuite>
