<?xml version="1.0" encoding="UTF-8"?>
<testsuite name="com.afkanerd.smswithoutborders_libsmsmms.extensions.context.SmsTransportInvariantTest" tests="6" skipped="0" failures="0" errors="0" timestamp="2026-09-02T13:17:46.033Z" hostname="kali" time="0.106">
  <properties/>
  <testcase name="multipartTransportNeverSubstitutesDisplayPlaintext" classname="com.afkanerd.smswithoutborders_libsmsmms.extensions.context.SmsTransportInvariantTest" time="0.045"/>
  <testcase name="androidSmsManagerReceivesOnlyProvidedCiphertext" classname="com.afkanerd.smswithoutborders_libsmsmms.extensions.context.SmsTransportInvariantTest" time="0.012"/>
  <testcase name="acceptsBothFrameworkSuccessCodesButRejectsRealSmsErrors" classname="com.afkanerd.smswithoutborders_libsmsmms.extensions.context.SmsTransportInvariantTest" time="0.011"/>
  <testcase name="ordinarySmsPreservesExactUnicodePlaintext" classname="com.afkanerd.smswithoutborders_libsmsmms.extensions.context.SmsTransportInvariantTest" time="0.013"/>
  <testcase name="groupMmsSettingsKeepAllRecipientsInOneTransport" classname="com.afkanerd.smswithoutborders_libsmsmms.extensions.context.SmsTransportInvariantTest" time="0.011"/>
  <testcase name="dataSmsUsesBinaryPortAndNeverFallsBackToVisibleCiphertext" classname="com.afkanerd.smswithoutborders_libsmsmms.extensions.context.SmsTransportInvariantTest" time="0.014"/>
  <system-out><![CDATA[]]></system-out>
  <system-err><![CDATA[]]></system-err>
</testsuite>
