<?xml version="1.0" encoding="UTF-8"?>
<testsuite name="com.afkanerd.smswithoutborders_libsmsmms.data.data.models.SmsManagerDelegationTest" tests="1" skipped="0" failures="0" errors="0" timestamp="2026-09-02T13:17:44.919Z" hostname="kali" time="1.041">
  <properties/>
  <testcase name="transportBoundaryPreservesEverySendArgumentAndCallback" classname="com.afkanerd.smswithoutborders_libsmsmms.data.data.models.SmsManagerDelegationTest" time="1.041"/>
  <system-out><![CDATA[]]></system-out>
  <system-err><![CDATA[]]></system-err>
</testsuite>
