<?xml version="1.0" encoding="UTF-8"?>
<testsuite name="com.afkanerd.smswithoutborders_libsmsmms.data.ThreadStateRegressionTest" tests="1" skipped="0" failures="0" errors="0" timestamp="2026-09-02T13:17:44.531Z" hostname="kali" time="0.001">
  <properties/>
  <testcase name="insertingLatestMessagePreservesPinnedBlockedMutedAndArchivedFlags" classname="com.afkanerd.smswithoutborders_libsmsmms.data.ThreadStateRegressionTest" time="0.001"/>
  <system-out><![CDATA[]]></system-out>
  <system-err><![CDATA[]]></system-err>
</testsuite>
