<?xml version="1.0" encoding="UTF-8"?>
<testsuite name="com.afkanerd.smswithoutborders_libsmsmms.extensions.context.SmsImportInvariantTest" tests="2" skipped="0" failures="0" errors="0" timestamp="2026-09-01T18:26:02.112Z" hostname="kali" time="0.108">
  <properties/>
  <testcase name="threadDiscoveryDeduplicatesRowsWithoutProviderSpecificGroupBy" classname="com.afkanerd.smswithoutborders_libsmsmms.extensions.context.SmsImportInvariantTest" time="0.06"/>
  <testcase name="importPreservesProviderThreadIdWithoutCreatingItAgain" classname="com.afkanerd.smswithoutborders_libsmsmms.extensions.context.SmsImportInvariantTest" time="0.047"/>
  <system-out><![CDATA[]]></system-out>
  <system-err><![CDATA[]]></system-err>
</testsuite>
