<?xml version="1.0" encoding="UTF-8"?>
<testsuite name="com.afkanerd.smswithoutborders_libsmsmms.extensions.context.SmsTransportInvariantTest" tests="4" skipped="0" failures="0" errors="0" timestamp="2026-09-01T18:26:02.225Z" hostname="kali" time="0.113">
  <properties/>
  <testcase name="multipartTransportNeverSubstitutesDisplayPlaintext" classname="com.afkanerd.smswithoutborders_libsmsmms.extensions.context.SmsTransportInvariantTest" time="0.061"/>
  <testcase name="androidSmsManagerReceivesOnlyProvidedCiphertext" classname="com.afkanerd.smswithoutborders_libsmsmms.extensions.context.SmsTransportInvariantTest" time="0.015"/>
  <testcase name="ordinarySmsPreservesExactUnicodePlaintext" classname="com.afkanerd.smswithoutborders_libsmsmms.extensions.context.SmsTransportInvariantTest" time="0.019"/>
  <testcase name="groupMmsSettingsKeepAllRecipientsInOneTransport" classname="com.afkanerd.smswithoutborders_libsmsmms.extensions.context.SmsTransportInvariantTest" time="0.017"/>
  <system-out><![CDATA[]]></system-out>
  <system-err><![CDATA[]]></system-err>
</testsuite>
