<?xml version="1.0" encoding="UTF-8"?>
<testsuite name="com.afkanerd.smswithoutborders.libsignal_doubleratchet.libsignal.StatesPersistenceTest" tests="4" skipped="0" failures="0" errors="0" timestamp="2026-08-31T16:19:53.862Z" hostname="kali" time="0.015">
  <properties/>
  <testcase name="obfuscatedOrCorruptedLegacyCountersFailClosed" classname="com.afkanerd.smswithoutborders.libsignal_doubleratchet.libsignal.StatesPersistenceTest" time="0.003"/>
  <testcase name="unknownStateSchemaFailsClosed" classname="com.afkanerd.smswithoutborders.libsignal_doubleratchet.libsignal.StatesPersistenceTest" time="0.004"/>
  <testcase name="stableSchemaSurvivesPersistenceAndSecondEncryption" classname="com.afkanerd.smswithoutborders.libsignal_doubleratchet.libsignal.StatesPersistenceTest" time="0.004"/>
  <testcase name="skippedKeysUsePublicKeyContentsNotArrayIdentity" classname="com.afkanerd.smswithoutborders.libsignal_doubleratchet.libsignal.StatesPersistenceTest" time="0.004"/>
  <system-out><![CDATA[]]></system-out>
  <system-err><![CDATA[]]></system-err>
</testsuite>
