<?xml version="1.0" encoding="UTF-8"?>
<testsuite name="com.afkanerd.smswithoutborders.libsignal_doubleratchet.IdentityCryptographyTest" tests="6" skipped="0" failures="0" errors="0" timestamp="2026-08-31T16:19:52.671Z" hostname="kali" time="0.94">
  <properties/>
  <testcase name="simultaneousRequestsChooseExactlyOneDeterministicInitiator" classname="com.afkanerd.smswithoutborders.libsignal_doubleratchet.IdentityCryptographyTest" time="0.799"/>
  <testcase name="signedKeyExchangeVerifiesAndRejectsAnyTampering" classname="com.afkanerd.smswithoutborders.libsignal_doubleratchet.IdentityCryptographyTest" time="0.112"/>
  <testcase name="ed25519SignatureVerifiesAndTamperingFails" classname="com.afkanerd.smswithoutborders.libsignal_doubleratchet.IdentityCryptographyTest" time="0.012"/>
  <testcase name="identityQrPayloadRoundTripsAndRejectsMalformedValues" classname="com.afkanerd.smswithoutborders.libsignal_doubleratchet.IdentityCryptographyTest" time="0.008"/>
  <testcase name="changedIdentityIsBlockedUntilExplicitAcceptanceAndFreshExchange" classname="com.afkanerd.smswithoutborders.libsignal_doubleratchet.IdentityCryptographyTest" time="0.004"/>
  <testcase name="legacyPacketIsRecognizedOnlyForParsingAndHasNoTrustedIdentity" classname="com.afkanerd.smswithoutborders.libsignal_doubleratchet.IdentityCryptographyTest" time="0.003"/>
  <system-out><![CDATA[]]></system-out>
  <system-err><![CDATA[]]></system-err>
</testsuite>
