<?xml version='1.0' encoding='UTF-8' ?>
<testsuite name="com.afkanerd.smswithoutborders.libsignal_doubleratchet.SignedIdentityInstrumentedTest" tests="1" failures="0" errors="0" skipped="0" time="1.25" timestamp="2026-08-31T12:27:16" hostname="localhost">
  <properties>
    <property name="device" value="SM-S918B - 16" />
    <property name="flavor" value="" />
    <property name="project" value=":lib_signal_double_ratchet_java" />
  </properties>
  <testcase name="persistentIdentitySignsAndVerifiesKeyExchangeOffline" classname="com.afkanerd.smswithoutborders.libsignal_doubleratchet.SignedIdentityInstrumentedTest" time="0.341" />
</testsuite>